mode: atomic
github.com/patienttracker/internal/services/services.go:43.39,53.2 2 1
github.com/patienttracker/internal/services/services.go:58.62,59.44 1 4
github.com/patienttracker/internal/services/services.go:62.2,62.45 1 4
github.com/patienttracker/internal/services/services.go:65.2,65.48 1 0
github.com/patienttracker/internal/services/services.go:59.44,61.3 1 0
github.com/patienttracker/internal/services/services.go:62.45,64.3 1 4
github.com/patienttracker/internal/services/services.go:69.55,70.37 1 5
github.com/patienttracker/internal/services/services.go:73.2,73.37 1 5
github.com/patienttracker/internal/services/services.go:76.2,76.39 1 5
github.com/patienttracker/internal/services/services.go:70.37,72.3 1 0
github.com/patienttracker/internal/services/services.go:73.37,75.3 1 0
github.com/patienttracker/internal/services/services.go:81.37,86.2 4 15
github.com/patienttracker/internal/services/services.go:88.76,91.2 2 6
github.com/patienttracker/internal/services/services.go:93.108,99.8 3 2
github.com/patienttracker/internal/services/services.go:111.2,111.40 1 0
github.com/patienttracker/internal/services/services.go:99.8,103.141 1 2
github.com/patienttracker/internal/services/services.go:109.3,109.39 1 0
github.com/patienttracker/internal/services/services.go:103.141,108.4 3 2
github.com/patienttracker/internal/services/services.go:114.107,118.16 2 2
github.com/patienttracker/internal/services/services.go:121.2,122.8 2 2
github.com/patienttracker/internal/services/services.go:138.2,138.40 1 0
github.com/patienttracker/internal/services/services.go:118.16,120.3 1 0
github.com/patienttracker/internal/services/services.go:122.8,127.141 1 2
github.com/patienttracker/internal/services/services.go:136.3,136.39 1 0
github.com/patienttracker/internal/services/services.go:127.141,129.18 2 2
github.com/patienttracker/internal/services/services.go:133.4,134.27 2 2
github.com/patienttracker/internal/services/services.go:129.18,131.5 1 0
github.com/patienttracker/internal/services/services.go:142.135,145.25 3 4
github.com/patienttracker/internal/services/services.go:152.2,152.39 1 2
github.com/patienttracker/internal/services/services.go:172.2,172.28 1 0
github.com/patienttracker/internal/services/services.go:145.25,147.17 2 2
github.com/patienttracker/internal/services/services.go:150.3,150.29 1 2
github.com/patienttracker/internal/services/services.go:147.17,149.4 1 0
github.com/patienttracker/internal/services/services.go:152.39,154.17 2 2
github.com/patienttracker/internal/services/services.go:157.3,162.111 2 2
github.com/patienttracker/internal/services/services.go:166.3,167.17 2 0
github.com/patienttracker/internal/services/services.go:154.17,156.4 1 0
github.com/patienttracker/internal/services/services.go:162.111,164.4 1 2
github.com/patienttracker/internal/services/services.go:167.17,169.4 1 0
github.com/patienttracker/internal/services/services.go:174.125,176.16 2 1
github.com/patienttracker/internal/services/services.go:179.2,180.16 2 1
github.com/patienttracker/internal/services/services.go:183.2,184.8 2 1
github.com/patienttracker/internal/services/services.go:212.2,212.40 1 0
github.com/patienttracker/internal/services/services.go:176.16,178.3 1 0
github.com/patienttracker/internal/services/services.go:180.16,182.3 1 0
github.com/patienttracker/internal/services/services.go:184.8,185.141 1 1
github.com/patienttracker/internal/services/services.go:210.3,210.39 1 0
github.com/patienttracker/internal/services/services.go:185.141,187.18 2 1
github.com/patienttracker/internal/services/services.go:190.4,190.41 1 1
github.com/patienttracker/internal/services/services.go:187.18,189.5 1 0
github.com/patienttracker/internal/services/services.go:190.41,192.19 2 1
github.com/patienttracker/internal/services/services.go:195.5,198.167 2 1
github.com/patienttracker/internal/services/services.go:192.19,194.6 1 0
github.com/patienttracker/internal/services/services.go:198.167,200.6 1 0
github.com/patienttracker/internal/services/services.go:200.11,203.20 2 1
github.com/patienttracker/internal/services/services.go:206.6,206.29 1 1
github.com/patienttracker/internal/services/services.go:203.20,205.7 1 0
github.com/patienttracker/internal/services/services.go:215.127,218.16 3 1
github.com/patienttracker/internal/services/services.go:222.2,223.8 2 1
github.com/patienttracker/internal/services/services.go:253.2,253.47 1 0
github.com/patienttracker/internal/services/services.go:218.16,220.3 1 0
github.com/patienttracker/internal/services/services.go:223.8,225.17 2 1
github.com/patienttracker/internal/services/services.go:228.3,229.17 2 1
github.com/patienttracker/internal/services/services.go:232.3,232.40 1 1
github.com/patienttracker/internal/services/services.go:251.3,251.33 1 1
github.com/patienttracker/internal/services/services.go:225.17,227.4 1 0
github.com/patienttracker/internal/services/services.go:229.17,231.4 1 0
github.com/patienttracker/internal/services/services.go:232.40,234.18 2 1
github.com/patienttracker/internal/services/services.go:237.4,240.166 2 1
github.com/patienttracker/internal/services/services.go:234.18,236.5 1 0
github.com/patienttracker/internal/services/services.go:240.166,242.5 1 0
github.com/patienttracker/internal/services/services.go:242.10,245.19 2 1
github.com/patienttracker/internal/services/services.go:245.19,247.6 1 0
github.com/patienttracker/internal/services/services.go:256.89,258.16 2 2
github.com/patienttracker/internal/services/services.go:261.2,261.38 1 2
github.com/patienttracker/internal/services/services.go:267.2,268.16 2 2
github.com/patienttracker/internal/services/services.go:271.2,271.22 1 2
github.com/patienttracker/internal/services/services.go:258.16,260.3 1 0
github.com/patienttracker/internal/services/services.go:261.38,263.26 1 0
github.com/patienttracker/internal/services/services.go:263.26,265.4 1 0
github.com/patienttracker/internal/services/services.go:268.16,270.3 1 0
github.com/patienttracker/internal/services/services.go:274.91,277.16 3 1
github.com/patienttracker/internal/services/services.go:280.2,280.27 1 1
github.com/patienttracker/internal/services/services.go:287.2,287.39 1 0
github.com/patienttracker/internal/services/services.go:277.16,279.3 1 0
github.com/patienttracker/internal/services/services.go:280.27,282.17 2 1
github.com/patienttracker/internal/services/services.go:285.3,285.26 1 1
github.com/patienttracker/internal/services/services.go:282.17,284.4 1 0
github.com/patienttracker/internal/services/services.go:290.73,291.37 1 6
github.com/patienttracker/internal/services/services.go:297.2,297.33 1 0
github.com/patienttracker/internal/services/services.go:291.37,293.22 1 6
github.com/patienttracker/internal/services/services.go:293.22,295.4 1 6
github.com/patienttracker/internal/controllers/schedule.go:15.77,30.2 3 14
github.com/patienttracker/internal/controllers/schedule.go:32.57,46.2 4 2
github.com/patienttracker/internal/controllers/schedule.go:47.67,54.16 3 1
github.com/patienttracker/internal/controllers/schedule.go:57.2,59.18 3 1
github.com/patienttracker/internal/controllers/schedule.go:72.2,72.37 1 1
github.com/patienttracker/internal/controllers/schedule.go:75.2,75.35 1 1
github.com/patienttracker/internal/controllers/schedule.go:78.2,78.19 1 1
github.com/patienttracker/internal/controllers/schedule.go:54.16,56.3 1 0
github.com/patienttracker/internal/controllers/schedule.go:59.18,67.17 2 5
github.com/patienttracker/internal/controllers/schedule.go:70.3,70.34 1 5
github.com/patienttracker/internal/controllers/schedule.go:67.17,69.4 1 0
github.com/patienttracker/internal/controllers/schedule.go:72.37,74.3 1 0
github.com/patienttracker/internal/controllers/schedule.go:75.35,77.3 1 0
github.com/patienttracker/internal/controllers/schedule.go:82.81,90.16 3 1
github.com/patienttracker/internal/controllers/schedule.go:93.2,95.18 3 1
github.com/patienttracker/internal/controllers/schedule.go:108.2,108.37 1 1
github.com/patienttracker/internal/controllers/schedule.go:111.2,111.35 1 1
github.com/patienttracker/internal/controllers/schedule.go:114.2,114.19 1 1
github.com/patienttracker/internal/controllers/schedule.go:90.16,92.3 1 0
github.com/patienttracker/internal/controllers/schedule.go:95.18,103.17 2 5
github.com/patienttracker/internal/controllers/schedule.go:106.3,106.34 1 5
github.com/patienttracker/internal/controllers/schedule.go:103.17,105.4 1 0
github.com/patienttracker/internal/controllers/schedule.go:108.37,110.3 1 0
github.com/patienttracker/internal/controllers/schedule.go:111.35,113.3 1 0
github.com/patienttracker/internal/controllers/schedule.go:117.40,123.2 3 1
github.com/patienttracker/internal/controllers/schedule.go:125.77,140.2 4 1
github.com/patienttracker/internal/controllers/appointment.go:17.89,32.2 3 15
github.com/patienttracker/internal/controllers/appointment.go:34.63,51.2 4 2
github.com/patienttracker/internal/controllers/appointment.go:53.90,61.16 3 1
github.com/patienttracker/internal/controllers/appointment.go:64.2,66.18 3 1
github.com/patienttracker/internal/controllers/appointment.go:80.2,80.37 1 1
github.com/patienttracker/internal/controllers/appointment.go:83.2,83.35 1 1
github.com/patienttracker/internal/controllers/appointment.go:86.2,86.19 1 1
github.com/patienttracker/internal/controllers/appointment.go:61.16,63.3 1 0
github.com/patienttracker/internal/controllers/appointment.go:66.18,75.17 2 5
github.com/patienttracker/internal/controllers/appointment.go:78.3,78.27 1 5
github.com/patienttracker/internal/controllers/appointment.go:75.17,77.4 1 0
github.com/patienttracker/internal/controllers/appointment.go:80.37,82.3 1 0
github.com/patienttracker/internal/controllers/appointment.go:83.35,85.3 1 0
github.com/patienttracker/internal/controllers/appointment.go:89.76,99.16 5 1
github.com/patienttracker/internal/controllers/appointment.go:103.2,105.16 3 1
github.com/patienttracker/internal/controllers/appointment.go:108.2,110.18 3 1
github.com/patienttracker/internal/controllers/appointment.go:124.2,124.37 1 1
github.com/patienttracker/internal/controllers/appointment.go:127.2,127.35 1 1
github.com/patienttracker/internal/controllers/appointment.go:130.2,130.19 1 1
github.com/patienttracker/internal/controllers/appointment.go:99.16,102.3 2 0
github.com/patienttracker/internal/controllers/appointment.go:105.16,107.3 1 0
github.com/patienttracker/internal/controllers/appointment.go:110.18,119.17 2 1
github.com/patienttracker/internal/controllers/appointment.go:122.3,122.27 1 1
github.com/patienttracker/internal/controllers/appointment.go:119.17,121.4 1 0
github.com/patienttracker/internal/controllers/appointment.go:124.37,126.3 1 0
github.com/patienttracker/internal/controllers/appointment.go:127.35,129.3 1 0
github.com/patienttracker/internal/controllers/appointment.go:133.77,143.16 5 1
github.com/patienttracker/internal/controllers/appointment.go:147.2,149.16 3 1
github.com/patienttracker/internal/controllers/appointment.go:152.2,154.18 3 1
github.com/patienttracker/internal/controllers/appointment.go:169.2,169.37 1 1
github.com/patienttracker/internal/controllers/appointment.go:172.2,172.35 1 1
github.com/patienttracker/internal/controllers/appointment.go:175.2,175.19 1 1
github.com/patienttracker/internal/controllers/appointment.go:143.16,146.3 2 0
github.com/patienttracker/internal/controllers/appointment.go:149.16,151.3 1 0
github.com/patienttracker/internal/controllers/appointment.go:154.18,163.17 2 5
github.com/patienttracker/internal/controllers/appointment.go:166.3,166.27 1 5
github.com/patienttracker/internal/controllers/appointment.go:163.17,165.4 1 0
github.com/patienttracker/internal/controllers/appointment.go:169.37,171.3 1 0
github.com/patienttracker/internal/controllers/appointment.go:172.35,174.3 1 0
github.com/patienttracker/internal/controllers/appointment.go:178.43,184.2 3 1
github.com/patienttracker/internal/controllers/appointment.go:186.84,199.16 4 1
github.com/patienttracker/internal/controllers/appointment.go:202.2,202.25 1 1
github.com/patienttracker/internal/controllers/appointment.go:199.16,201.3 1 0
github.com/patienttracker/internal/controllers/controllers.go:14.36,35.2 1 1
github.com/patienttracker/internal/controllers/department.go:15.79,28.2 4 57
github.com/patienttracker/internal/controllers/department.go:30.61,41.2 4 2
github.com/patienttracker/internal/controllers/department.go:43.72,54.2 4 1
github.com/patienttracker/internal/controllers/department.go:56.86,64.16 3 1
github.com/patienttracker/internal/controllers/department.go:67.2,69.18 3 1
github.com/patienttracker/internal/controllers/department.go:79.2,79.37 1 1
github.com/patienttracker/internal/controllers/department.go:82.2,82.35 1 1
github.com/patienttracker/internal/controllers/department.go:85.2,85.19 1 1
github.com/patienttracker/internal/controllers/department.go:64.16,66.3 1 0
github.com/patienttracker/internal/controllers/department.go:69.18,74.17 2 5
github.com/patienttracker/internal/controllers/department.go:77.3,77.27 1 5
github.com/patienttracker/internal/controllers/department.go:74.17,76.4 1 0
github.com/patienttracker/internal/controllers/department.go:79.37,81.3 1 0
github.com/patienttracker/internal/controllers/department.go:82.35,84.3 1 0
github.com/patienttracker/internal/controllers/department.go:88.42,94.2 3 1
github.com/patienttracker/internal/controllers/department.go:96.81,108.2 4 1
github.com/patienttracker/internal/controllers/patient.go:23.73,43.2 3 31
github.com/patienttracker/internal/controllers/patient.go:45.55,64.2 4 2
github.com/patienttracker/internal/controllers/patient.go:66.78,74.16 3 1
github.com/patienttracker/internal/controllers/patient.go:77.2,79.18 3 1
github.com/patienttracker/internal/controllers/patient.go:95.2,95.37 1 1
github.com/patienttracker/internal/controllers/patient.go:98.2,98.35 1 1
github.com/patienttracker/internal/controllers/patient.go:101.2,101.19 1 1
github.com/patienttracker/internal/controllers/patient.go:74.16,76.3 1 0
github.com/patienttracker/internal/controllers/patient.go:79.18,90.17 2 5
github.com/patienttracker/internal/controllers/patient.go:93.3,93.27 1 5
github.com/patienttracker/internal/controllers/patient.go:90.17,92.4 1 0
github.com/patienttracker/internal/controllers/patient.go:95.37,97.3 1 0
github.com/patienttracker/internal/controllers/patient.go:98.35,100.3 1 0
github.com/patienttracker/internal/controllers/patient.go:104.39,110.2 3 1
github.com/patienttracker/internal/controllers/patient.go:112.73,129.2 4 1
github.com/patienttracker/internal/controllers/patientrecords.go:15.101,33.2 3 19
github.com/patienttracker/internal/controllers/patientrecords.go:35.69,52.2 4 2
github.com/patienttracker/internal/controllers/patientrecords.go:54.98,62.16 3 1
github.com/patienttracker/internal/controllers/patientrecords.go:65.2,67.18 3 1
github.com/patienttracker/internal/controllers/patientrecords.go:83.2,83.37 1 1
github.com/patienttracker/internal/controllers/patientrecords.go:86.2,86.35 1 1
github.com/patienttracker/internal/controllers/patientrecords.go:89.2,89.19 1 1
github.com/patienttracker/internal/controllers/patientrecords.go:62.16,64.3 1 0
github.com/patienttracker/internal/controllers/patientrecords.go:67.18,78.17 2 5
github.com/patienttracker/internal/controllers/patientrecords.go:81.3,81.32 1 5
github.com/patienttracker/internal/controllers/patientrecords.go:78.17,80.4 1 0
github.com/patienttracker/internal/controllers/patientrecords.go:83.37,85.3 1 0
github.com/patienttracker/internal/controllers/patientrecords.go:86.35,88.3 1 0
github.com/patienttracker/internal/controllers/patientrecords.go:92.83,100.16 3 1
github.com/patienttracker/internal/controllers/patientrecords.go:103.2,105.18 3 1
github.com/patienttracker/internal/controllers/patientrecords.go:121.2,121.37 1 1
github.com/patienttracker/internal/controllers/patientrecords.go:124.2,124.35 1 1
github.com/patienttracker/internal/controllers/patientrecords.go:127.2,127.19 1 1
github.com/patienttracker/internal/controllers/patientrecords.go:100.16,102.3 1 0
github.com/patienttracker/internal/controllers/patientrecords.go:105.18,116.17 2 5
github.com/patienttracker/internal/controllers/patientrecords.go:119.3,119.32 1 5
github.com/patienttracker/internal/controllers/patientrecords.go:116.17,118.4 1 0
github.com/patienttracker/internal/controllers/patientrecords.go:121.37,123.3 1 0
github.com/patienttracker/internal/controllers/patientrecords.go:124.35,126.3 1 0
github.com/patienttracker/internal/controllers/patientrecords.go:130.82,137.16 3 1
github.com/patienttracker/internal/controllers/patientrecords.go:140.2,142.18 3 1
github.com/patienttracker/internal/controllers/patientrecords.go:158.2,158.37 1 1
github.com/patienttracker/internal/controllers/patientrecords.go:161.2,161.35 1 1
github.com/patienttracker/internal/controllers/patientrecords.go:164.2,164.19 1 1
github.com/patienttracker/internal/controllers/patientrecords.go:137.16,139.3 1 0
github.com/patienttracker/internal/controllers/patientrecords.go:142.18,153.17 2 5
github.com/patienttracker/internal/controllers/patientrecords.go:156.3,156.32 1 5
github.com/patienttracker/internal/controllers/patientrecords.go:153.17,155.4 1 0
github.com/patienttracker/internal/controllers/patientrecords.go:158.37,160.3 1 0
github.com/patienttracker/internal/controllers/patientrecords.go:161.35,163.3 1 0
github.com/patienttracker/internal/controllers/patientrecords.go:167.46,174.2 3 1
github.com/patienttracker/internal/controllers/patientrecords.go:176.93,194.2 4 1
github.com/patienttracker/internal/controllers/physician.go:23.81,41.16 3 46
github.com/patienttracker/internal/controllers/physician.go:44.2,44.23 1 46
github.com/patienttracker/internal/controllers/physician.go:41.16,43.3 1 0
github.com/patienttracker/internal/controllers/physician.go:48.59,66.2 4 2
github.com/patienttracker/internal/controllers/physician.go:68.103,77.16 3 1
github.com/patienttracker/internal/controllers/physician.go:80.2,82.18 3 1
github.com/patienttracker/internal/controllers/physician.go:97.2,97.37 1 1
github.com/patienttracker/internal/controllers/physician.go:100.2,100.35 1 1
github.com/patienttracker/internal/controllers/physician.go:103.2,103.19 1 1
github.com/patienttracker/internal/controllers/physician.go:77.16,79.3 1 0
github.com/patienttracker/internal/controllers/physician.go:82.18,92.17 2 1
github.com/patienttracker/internal/controllers/physician.go:95.3,95.27 1 1
github.com/patienttracker/internal/controllers/physician.go:92.17,94.4 1 0
github.com/patienttracker/internal/controllers/physician.go:97.37,99.3 1 0
github.com/patienttracker/internal/controllers/physician.go:100.35,102.3 1 0
github.com/patienttracker/internal/controllers/physician.go:106.81,114.16 3 1
github.com/patienttracker/internal/controllers/physician.go:117.2,119.18 3 1
github.com/patienttracker/internal/controllers/physician.go:134.2,134.37 1 1
github.com/patienttracker/internal/controllers/physician.go:137.2,137.35 1 1
github.com/patienttracker/internal/controllers/physician.go:140.2,140.19 1 1
github.com/patienttracker/internal/controllers/physician.go:114.16,116.3 1 0
github.com/patienttracker/internal/controllers/physician.go:119.18,129.17 2 5
github.com/patienttracker/internal/controllers/physician.go:132.3,132.27 1 5
github.com/patienttracker/internal/controllers/physician.go:129.17,131.4 1 0
github.com/patienttracker/internal/controllers/physician.go:134.37,136.3 1 0
github.com/patienttracker/internal/controllers/physician.go:137.35,139.3 1 0
github.com/patienttracker/internal/controllers/physician.go:143.41,149.2 3 1
github.com/patienttracker/internal/controllers/physician.go:151.78,166.16 4 1
github.com/patienttracker/internal/controllers/physician.go:169.2,169.17 1 1
github.com/patienttracker/internal/controllers/physician.go:166.16,168.3 1 0
github.com/patienttracker/internal/api/appointment.go:24.89,27.16 3 3
github.com/patienttracker/internal/api/appointment.go:32.2,34.16 3 2
github.com/patienttracker/internal/api/appointment.go:39.2,40.16 2 2
github.com/patienttracker/internal/api/appointment.go:43.2,52.16 4 2
github.com/patienttracker/internal/api/appointment.go:57.2,58.57 2 0
github.com/patienttracker/internal/api/appointment.go:27.16,31.3 3 1
github.com/patienttracker/internal/api/appointment.go:34.16,38.3 3 0
github.com/patienttracker/internal/api/appointment.go:40.16,42.3 1 1
github.com/patienttracker/internal/api/appointment.go:52.16,56.3 3 2
github.com/patienttracker/internal/api/appointment.go:61.90,64.16 3 4
github.com/patienttracker/internal/api/appointment.go:69.2,71.16 3 3
github.com/patienttracker/internal/api/appointment.go:76.2,77.16 2 3
github.com/patienttracker/internal/api/appointment.go:80.2,88.16 3 3
github.com/patienttracker/internal/api/appointment.go:93.2,93.57 1 1
github.com/patienttracker/internal/api/appointment.go:64.16,68.3 3 1
github.com/patienttracker/internal/api/appointment.go:71.16,75.3 3 0
github.com/patienttracker/internal/api/appointment.go:77.16,79.3 1 1
github.com/patienttracker/internal/api/appointment.go:88.16,92.3 3 2
github.com/patienttracker/internal/api/appointment.go:96.90,101.16 5 0
github.com/patienttracker/internal/api/appointment.go:106.2,107.16 2 0
github.com/patienttracker/internal/api/appointment.go:112.2,114.16 3 0
github.com/patienttracker/internal/api/appointment.go:119.2,121.16 3 0
github.com/patienttracker/internal/api/appointment.go:126.2,127.16 2 0
github.com/patienttracker/internal/api/appointment.go:130.2,141.16 5 0
github.com/patienttracker/internal/api/appointment.go:146.2,147.67 2 0
github.com/patienttracker/internal/api/appointment.go:101.16,105.3 3 0
github.com/patienttracker/internal/api/appointment.go:107.16,111.3 3 0
github.com/patienttracker/internal/api/appointment.go:114.16,118.3 3 0
github.com/patienttracker/internal/api/appointment.go:121.16,125.3 3 0
github.com/patienttracker/internal/api/appointment.go:127.16,129.3 1 0
github.com/patienttracker/internal/api/appointment.go:141.16,145.3 3 0
github.com/patienttracker/internal/api/appointment.go:150.89,155.16 5 6
github.com/patienttracker/internal/api/appointment.go:160.2,161.16 2 6
github.com/patienttracker/internal/api/appointment.go:166.2,168.16 3 6
github.com/patienttracker/internal/api/appointment.go:173.2,175.16 3 4
github.com/patienttracker/internal/api/appointment.go:180.2,181.16 2 4
github.com/patienttracker/internal/api/appointment.go:184.2,194.16 4 4
github.com/patienttracker/internal/api/appointment.go:199.2,200.67 2 1
github.com/patienttracker/internal/api/appointment.go:155.16,159.3 3 0
github.com/patienttracker/internal/api/appointment.go:161.16,165.3 3 0
github.com/patienttracker/internal/api/appointment.go:168.16,172.3 3 2
github.com/patienttracker/internal/api/appointment.go:175.16,179.3 3 0
github.com/patienttracker/internal/api/appointment.go:181.16,183.3 1 1
github.com/patienttracker/internal/api/appointment.go:194.16,198.3 3 3
github.com/patienttracker/internal/api/appointment.go:203.81,207.16 4 1
github.com/patienttracker/internal/api/appointment.go:212.2,213.16 2 1
github.com/patienttracker/internal/api/appointment.go:218.2,219.49 2 1
github.com/patienttracker/internal/api/appointment.go:207.16,211.3 3 0
github.com/patienttracker/internal/api/appointment.go:213.16,217.3 3 0
github.com/patienttracker/internal/api/appointment.go:221.79,225.16 4 2
github.com/patienttracker/internal/api/appointment.go:230.2,231.16 2 2
github.com/patienttracker/internal/api/appointment.go:241.2,242.65 2 1
github.com/patienttracker/internal/api/appointment.go:225.16,229.3 3 0
github.com/patienttracker/internal/api/appointment.go:231.16,232.27 1 1
github.com/patienttracker/internal/api/appointment.go:237.3,239.9 3 1
github.com/patienttracker/internal/api/appointment.go:232.27,236.4 3 0
github.com/patienttracker/internal/api/appointment.go:245.83,249.16 4 0
github.com/patienttracker/internal/api/appointment.go:253.2,260.16 5 0
github.com/patienttracker/internal/api/appointment.go:265.2,266.55 2 0
github.com/patienttracker/internal/api/appointment.go:249.16,252.3 2 0
github.com/patienttracker/internal/api/appointment.go:260.16,264.3 3 0
github.com/patienttracker/internal/api/patient.go:29.77,32.16 3 4
github.com/patienttracker/internal/api/patient.go:37.2,39.16 3 3
github.com/patienttracker/internal/api/patient.go:44.2,45.16 2 1
github.com/patienttracker/internal/api/patient.go:48.2,59.16 3 1
github.com/patienttracker/internal/api/patient.go:64.2,64.53 1 1
github.com/patienttracker/internal/api/patient.go:32.16,36.3 3 1
github.com/patienttracker/internal/api/patient.go:39.16,43.3 3 2
github.com/patienttracker/internal/api/patient.go:45.16,47.3 1 1
github.com/patienttracker/internal/api/patient.go:59.16,63.3 3 0
github.com/patienttracker/internal/api/patient.go:67.77,71.16 4 1
github.com/patienttracker/internal/api/patient.go:76.2,78.16 3 1
github.com/patienttracker/internal/api/patient.go:83.2,85.16 3 1
github.com/patienttracker/internal/api/patient.go:90.2,91.16 2 1
github.com/patienttracker/internal/api/patient.go:94.2,105.16 3 1
github.com/patienttracker/internal/api/patient.go:110.2,111.66 2 1
github.com/patienttracker/internal/api/patient.go:71.16,75.3 3 0
github.com/patienttracker/internal/api/patient.go:78.16,82.3 3 0
github.com/patienttracker/internal/api/patient.go:85.16,89.3 3 0
github.com/patienttracker/internal/api/patient.go:91.16,93.3 1 1
github.com/patienttracker/internal/api/patient.go:105.16,109.3 3 0
github.com/patienttracker/internal/api/patient.go:114.77,118.16 4 1
github.com/patienttracker/internal/api/patient.go:123.2,124.16 2 1
github.com/patienttracker/internal/api/patient.go:129.2,130.66 2 1
github.com/patienttracker/internal/api/patient.go:118.16,122.3 3 0
github.com/patienttracker/internal/api/patient.go:124.16,128.3 3 0
github.com/patienttracker/internal/api/patient.go:132.75,136.16 4 2
github.com/patienttracker/internal/api/patient.go:141.2,142.16 2 2
github.com/patienttracker/internal/api/patient.go:152.2,153.77 2 1
github.com/patienttracker/internal/api/patient.go:136.16,140.3 3 0
github.com/patienttracker/internal/api/patient.go:142.16,143.27 1 1
github.com/patienttracker/internal/api/patient.go:148.3,150.9 3 1
github.com/patienttracker/internal/api/patient.go:143.27,147.4 3 0
github.com/patienttracker/internal/api/patient.go:156.79,160.16 4 0
github.com/patienttracker/internal/api/patient.go:164.2,171.16 5 0
github.com/patienttracker/internal/api/patient.go:176.2,177.50 2 0
github.com/patienttracker/internal/api/patient.go:160.16,163.3 2 0
github.com/patienttracker/internal/api/patient.go:171.16,175.3 3 0
github.com/patienttracker/internal/api/patient.go:180.92,184.16 4 2
github.com/patienttracker/internal/api/patient.go:189.2,190.16 2 2
github.com/patienttracker/internal/api/patient.go:195.2,196.52 2 2
github.com/patienttracker/internal/api/patient.go:184.16,188.3 3 0
github.com/patienttracker/internal/api/patient.go:190.16,194.3 3 0
github.com/patienttracker/internal/api/patient.go:199.87,203.16 4 2
github.com/patienttracker/internal/api/patient.go:208.2,209.16 2 2
github.com/patienttracker/internal/api/patient.go:214.2,215.50 2 2
github.com/patienttracker/internal/api/patient.go:203.16,207.3 3 0
github.com/patienttracker/internal/api/patient.go:209.16,213.3 3 0
github.com/patienttracker/internal/api/patientrecords.go:26.83,29.16 3 2
github.com/patienttracker/internal/api/patientrecords.go:34.2,36.16 3 1
github.com/patienttracker/internal/api/patientrecords.go:41.2,51.16 3 1
github.com/patienttracker/internal/api/patientrecords.go:56.2,56.52 1 1
github.com/patienttracker/internal/api/patientrecords.go:29.16,33.3 3 1
github.com/patienttracker/internal/api/patientrecords.go:36.16,40.3 3 0
github.com/patienttracker/internal/api/patientrecords.go:51.16,55.3 3 0
github.com/patienttracker/internal/api/patientrecords.go:59.84,62.16 3 2
github.com/patienttracker/internal/api/patientrecords.go:67.2,70.16 4 1
github.com/patienttracker/internal/api/patientrecords.go:76.2,78.16 3 1
github.com/patienttracker/internal/api/patientrecords.go:83.2,91.16 3 1
github.com/patienttracker/internal/api/patientrecords.go:96.2,97.49 2 1
github.com/patienttracker/internal/api/patientrecords.go:62.16,66.3 3 1
github.com/patienttracker/internal/api/patientrecords.go:70.16,74.3 3 0
github.com/patienttracker/internal/api/patientrecords.go:78.16,82.3 3 0
github.com/patienttracker/internal/api/patientrecords.go:91.16,95.3 3 0
github.com/patienttracker/internal/api/patientrecords.go:100.83,104.16 4 1
github.com/patienttracker/internal/api/patientrecords.go:109.2,110.16 2 1
github.com/patienttracker/internal/api/patientrecords.go:115.2,116.49 2 1
github.com/patienttracker/internal/api/patientrecords.go:104.16,108.3 3 0
github.com/patienttracker/internal/api/patientrecords.go:110.16,114.3 3 0
github.com/patienttracker/internal/api/patientrecords.go:118.81,122.16 4 2
github.com/patienttracker/internal/api/patientrecords.go:127.2,128.16 2 2
github.com/patienttracker/internal/api/patientrecords.go:138.2,139.58 2 1
github.com/patienttracker/internal/api/patientrecords.go:122.16,126.3 3 0
github.com/patienttracker/internal/api/patientrecords.go:128.16,129.27 1 1
github.com/patienttracker/internal/api/patientrecords.go:134.3,136.9 3 1
github.com/patienttracker/internal/api/patientrecords.go:129.27,133.4 3 0
github.com/patienttracker/internal/api/patientrecords.go:143.85,147.16 4 3
github.com/patienttracker/internal/api/patientrecords.go:151.2,158.16 5 1
github.com/patienttracker/internal/api/patientrecords.go:163.2,164.50 2 1
github.com/patienttracker/internal/api/patientrecords.go:147.16,150.3 2 2
github.com/patienttracker/internal/api/patientrecords.go:158.16,162.3 3 0
github.com/patienttracker/internal/api/physician.go:25.76,28.16 3 4
github.com/patienttracker/internal/api/physician.go:33.2,35.16 3 3
github.com/patienttracker/internal/api/physician.go:40.2,50.16 3 1
github.com/patienttracker/internal/api/physician.go:55.2,55.52 1 1
github.com/patienttracker/internal/api/physician.go:28.16,32.3 3 1
github.com/patienttracker/internal/api/physician.go:35.16,39.3 3 2
github.com/patienttracker/internal/api/physician.go:50.16,54.3 3 0
github.com/patienttracker/internal/api/physician.go:58.76,62.16 4 1
github.com/patienttracker/internal/api/physician.go:67.2,69.16 3 1
github.com/patienttracker/internal/api/physician.go:74.2,76.16 3 1
github.com/patienttracker/internal/api/physician.go:81.2,91.16 3 1
github.com/patienttracker/internal/api/physician.go:96.2,97.55 2 1
github.com/patienttracker/internal/api/physician.go:62.16,66.3 3 0
github.com/patienttracker/internal/api/physician.go:69.16,73.3 3 0
github.com/patienttracker/internal/api/physician.go:76.16,80.3 3 0
github.com/patienttracker/internal/api/physician.go:91.16,95.3 3 0
github.com/patienttracker/internal/api/physician.go:100.76,104.16 4 1
github.com/patienttracker/internal/api/physician.go:109.2,110.16 2 1
github.com/patienttracker/internal/api/physician.go:115.2,116.65 2 1
github.com/patienttracker/internal/api/physician.go:104.16,108.3 3 0
github.com/patienttracker/internal/api/physician.go:110.16,114.3 3 0
github.com/patienttracker/internal/api/physician.go:119.74,123.16 4 2
github.com/patienttracker/internal/api/physician.go:128.2,129.16 2 2
github.com/patienttracker/internal/api/physician.go:139.2,140.71 2 1
github.com/patienttracker/internal/api/physician.go:123.16,127.3 3 0
github.com/patienttracker/internal/api/physician.go:129.16,130.27 1 1
github.com/patienttracker/internal/api/physician.go:135.3,137.9 3 1
github.com/patienttracker/internal/api/physician.go:130.27,134.4 3 0
github.com/patienttracker/internal/api/physician.go:143.78,147.16 4 0
github.com/patienttracker/internal/api/physician.go:151.2,158.16 5 0
github.com/patienttracker/internal/api/physician.go:163.2,164.54 2 0
github.com/patienttracker/internal/api/physician.go:147.16,150.3 2 0
github.com/patienttracker/internal/api/physician.go:158.16,162.3 3 0
github.com/patienttracker/internal/api/physician.go:167.88,171.16 4 2
github.com/patienttracker/internal/api/physician.go:176.2,177.16 2 2
github.com/patienttracker/internal/api/physician.go:182.2,183.52 2 2
github.com/patienttracker/internal/api/physician.go:171.16,175.3 3 0
github.com/patienttracker/internal/api/physician.go:177.16,181.3 3 0
github.com/patienttracker/internal/api/physician.go:186.91,190.16 4 2
github.com/patienttracker/internal/api/physician.go:195.2,196.16 2 2
github.com/patienttracker/internal/api/physician.go:201.2,202.52 2 2
github.com/patienttracker/internal/api/physician.go:190.16,194.3 3 0
github.com/patienttracker/internal/api/physician.go:196.16,200.3 3 0
github.com/patienttracker/internal/api/physician.go:205.86,209.16 4 2
github.com/patienttracker/internal/api/physician.go:214.2,215.16 2 2
github.com/patienttracker/internal/api/physician.go:220.2,221.50 2 2
github.com/patienttracker/internal/api/physician.go:209.16,213.3 3 0
github.com/patienttracker/internal/api/physician.go:215.16,219.3 3 0
github.com/patienttracker/internal/api/department.go:19.80,22.16 3 2
github.com/patienttracker/internal/api/department.go:27.2,29.16 3 1
github.com/patienttracker/internal/api/department.go:34.2,38.16 3 1
github.com/patienttracker/internal/api/department.go:43.2,43.56 1 1
github.com/patienttracker/internal/api/department.go:22.16,26.3 3 1
github.com/patienttracker/internal/api/department.go:29.16,33.3 3 0
github.com/patienttracker/internal/api/department.go:38.16,42.3 3 0
github.com/patienttracker/internal/api/department.go:46.80,50.16 4 2
github.com/patienttracker/internal/api/department.go:55.2,57.16 3 2
github.com/patienttracker/internal/api/department.go:62.2,64.16 3 1
github.com/patienttracker/internal/api/department.go:69.2,74.16 3 1
github.com/patienttracker/internal/api/department.go:79.2,80.65 2 1
github.com/patienttracker/internal/api/department.go:50.16,54.3 3 0
github.com/patienttracker/internal/api/department.go:57.16,61.3 3 1
github.com/patienttracker/internal/api/department.go:64.16,68.3 3 0
github.com/patienttracker/internal/api/department.go:74.16,78.3 3 0
github.com/patienttracker/internal/api/department.go:83.80,87.16 4 1
github.com/patienttracker/internal/api/department.go:92.2,93.16 2 1
github.com/patienttracker/internal/api/department.go:98.2,99.49 2 1
github.com/patienttracker/internal/api/department.go:87.16,91.3 3 0
github.com/patienttracker/internal/api/department.go:93.16,97.3 3 0
github.com/patienttracker/internal/api/department.go:102.78,106.16 4 2
github.com/patienttracker/internal/api/department.go:111.2,112.16 2 2
github.com/patienttracker/internal/api/department.go:121.2,122.57 2 1
github.com/patienttracker/internal/api/department.go:106.16,110.3 3 0
github.com/patienttracker/internal/api/department.go:112.16,113.27 1 1
github.com/patienttracker/internal/api/department.go:117.3,119.9 3 1
github.com/patienttracker/internal/api/department.go:113.27,116.4 2 0
github.com/patienttracker/internal/api/department.go:126.81,131.16 5 3
github.com/patienttracker/internal/api/department.go:136.2,142.16 4 1
github.com/patienttracker/internal/api/department.go:147.2,148.54 2 1
github.com/patienttracker/internal/api/department.go:131.16,134.3 2 2
github.com/patienttracker/internal/api/department.go:142.16,146.3 3 0
github.com/patienttracker/internal/api/department.go:151.90,157.16 6 12
github.com/patienttracker/internal/api/department.go:161.2,169.16 5 5
github.com/patienttracker/internal/api/department.go:174.2,175.50 2 5
github.com/patienttracker/internal/api/department.go:157.16,160.3 2 7
github.com/patienttracker/internal/api/department.go:169.16,173.3 3 0
github.com/patienttracker/internal/api/json.go:18.44,20.2 1 24
github.com/patienttracker/internal/api/json.go:22.81,28.16 5 37
github.com/patienttracker/internal/api/json.go:62.2,62.12 1 25
github.com/patienttracker/internal/api/json.go:28.16,32.10 3 12
github.com/patienttracker/internal/api/json.go:33.37,35.73 2 0
github.com/patienttracker/internal/api/json.go:37.44,39.73 2 0
github.com/patienttracker/internal/api/json.go:41.44,43.73 2 12
github.com/patienttracker/internal/api/json.go:45.63,48.73 3 0
github.com/patienttracker/internal/api/json.go:50.31,52.73 2 0
github.com/patienttracker/internal/api/json.go:54.54,56.84 2 0
github.com/patienttracker/internal/api/json.go:58.11,59.14 1 0
github.com/patienttracker/internal/api/json.go:66.98,71.2 4 42
github.com/patienttracker/internal/api/middleware.go:13.53,14.71 1 43
github.com/patienttracker/internal/api/middleware.go:14.71,17.3 2 43
github.com/patienttracker/internal/api/schedule.go:23.45,24.33 1 10
github.com/patienttracker/internal/api/schedule.go:29.2,29.47 1 0
github.com/patienttracker/internal/api/schedule.go:24.33,26.3 1 7
github.com/patienttracker/internal/api/schedule.go:26.8,26.41 1 3
github.com/patienttracker/internal/api/schedule.go:26.41,28.3 1 3
github.com/patienttracker/internal/api/schedule.go:32.78,35.16 3 3
github.com/patienttracker/internal/api/schedule.go:40.2,42.16 3 2
github.com/patienttracker/internal/api/schedule.go:47.2,55.16 4 2
github.com/patienttracker/internal/api/schedule.go:60.2,60.54 1 1
github.com/patienttracker/internal/api/schedule.go:35.16,39.3 3 1
github.com/patienttracker/internal/api/schedule.go:42.16,46.3 3 0
github.com/patienttracker/internal/api/schedule.go:55.16,59.3 3 1
github.com/patienttracker/internal/api/schedule.go:63.78,67.16 4 3
github.com/patienttracker/internal/api/schedule.go:72.2,74.16 3 3
github.com/patienttracker/internal/api/schedule.go:79.2,81.16 3 2
github.com/patienttracker/internal/api/schedule.go:86.2,95.16 4 2
github.com/patienttracker/internal/api/schedule.go:100.2,101.61 2 1
github.com/patienttracker/internal/api/schedule.go:67.16,71.3 3 0
github.com/patienttracker/internal/api/schedule.go:74.16,78.3 3 1
github.com/patienttracker/internal/api/schedule.go:81.16,85.3 3 0
github.com/patienttracker/internal/api/schedule.go:95.16,99.3 3 1
github.com/patienttracker/internal/api/schedule.go:104.78,108.16 4 1
github.com/patienttracker/internal/api/schedule.go:113.2,114.16 2 1
github.com/patienttracker/internal/api/schedule.go:119.2,120.49 2 1
github.com/patienttracker/internal/api/schedule.go:108.16,112.3 3 0
github.com/patienttracker/internal/api/schedule.go:114.16,118.3 3 0
github.com/patienttracker/internal/api/schedule.go:123.76,127.16 4 2
github.com/patienttracker/internal/api/schedule.go:132.2,133.16 2 2
github.com/patienttracker/internal/api/schedule.go:143.2,144.62 2 1
github.com/patienttracker/internal/api/schedule.go:127.16,131.3 3 0
github.com/patienttracker/internal/api/schedule.go:133.16,134.27 1 1
github.com/patienttracker/internal/api/schedule.go:139.3,141.9 3 1
github.com/patienttracker/internal/api/schedule.go:134.27,138.4 3 0
github.com/patienttracker/internal/api/schedule.go:148.80,152.16 4 3
github.com/patienttracker/internal/api/schedule.go:156.2,163.16 5 1
github.com/patienttracker/internal/api/schedule.go:168.2,169.52 2 1
github.com/patienttracker/internal/api/schedule.go:152.16,155.3 2 2
github.com/patienttracker/internal/api/schedule.go:163.16,167.3 3 0
github.com/patienttracker/internal/api/server.go:34.71,45.2 4 1
github.com/patienttracker/internal/api/server.go:47.35,49.16 2 0
github.com/patienttracker/internal/api/server.go:52.2,56.11 5 0
github.com/patienttracker/internal/api/server.go:49.16,51.3 1 0
github.com/patienttracker/internal/api/server.go:59.32,110.101 42 1
github.com/patienttracker/internal/api/server.go:134.2,134.16 1 1
github.com/patienttracker/internal/api/server.go:110.101,112.17 2 39
github.com/patienttracker/internal/api/server.go:115.3,116.17 2 39
github.com/patienttracker/internal/api/server.go:119.3,120.17 2 39
github.com/patienttracker/internal/api/server.go:123.3,124.17 2 39
github.com/patienttracker/internal/api/server.go:127.3,128.17 2 39
github.com/patienttracker/internal/api/server.go:131.3,132.13 2 39
github.com/patienttracker/internal/api/server.go:112.17,114.4 1 39
github.com/patienttracker/internal/api/server.go:116.17,118.4 1 39
github.com/patienttracker/internal/api/server.go:120.17,122.4 1 39
github.com/patienttracker/internal/api/server.go:124.17,126.4 1 39
github.com/patienttracker/internal/api/server.go:128.17,130.4 1 39
github.com/patienttracker/internal/api/server.go:134.16,136.3 1 0
github.com/patienttracker/internal/api/server.go:139.75,143.2 3 0
